write 20 content one liners about the topic Serialization of Lambda Expression in Java

Lambda expressions in Java are not serializable by default.
Use a custom functional interface that extends Serializable for serializable lambdas.
Serialization of lambdas requires careful handling of captured variables.
Serialize lambdas using ObjectOutputStream and persist to a file.
Deserialize lambdas using ObjectInputStream and execute as functional interfaces.
Avoid serializing stateful lambdas to prevent potential runtime issues.
Serializable lambdas are useful in distributed computing scenarios.
Java does not provide built-in support for serializable lambdas.
Serialization of lambdas is achieved through functional interfaces implementing Serializable.
Ensure the environment is consistent during serialization and deserialization of lambdas.
Serializable lambdas lose type safety when deserialized.
Serializable functional interfaces allow lambdas to cross process boundaries.
Use lambdas cautiously with frameworks requiring serialization.
Capturing local variables in a lambda can complicate serialization.
Ensure compatibility between serialized lambda versions during deserialization.
Lambdas serialized across JVMs must share the same class definition.
Avoid serializing lambdas that reference complex external states.
Serializable lambdas increase flexibility in Java functional programming.
Carefully test serialized lambdas in distributed systems.
Serializable lambdas are a workaround, not a Java language feature

In Java, lambda expressions are not directly serializable. However, you can make them serializable by defining a
functional interface that extends java.io.Serializable.

Here's an example:

Serializable Functional Interface

import java.io.*;

@FunctionalInterface
public interface SerializableLambda extends Serializable {
    void execute();
}
Using the Serializable Lambda

import java.io.*;

public class LambdaSerializationExample {
    public static void main(String[] args) {
        // Create a serializable lambda
        SerializableLambda lambda = () -> System.out.println("Hello, Serializable Lambda!");

        // Serialize the lambda
        try (ObjectOutputStream oos = new ObjectOutputStream(new FileOutputStream("lambda.ser"))) {
            oos.writeObject(lambda);
        } catch (IOException e) {
            e.printStackTrace();
        }

        // Deserialize the lambda
        try (ObjectInputStream ois = new ObjectInputStream(new FileInputStream("lambda.ser"))) {
            SerializableLambda deserializedLambda = (SerializableLambda) ois.readObject();
            deserializedLambda.execute(); // Execute the deserialized lambda
        } catch (IOException | ClassNotFoundException e) {
            e.printStackTrace();
        }
    }
}
Explanation
Custom Functional Interface: A functional interface extending Serializable ensures that lambdas conforming to it
are serializable.
Serialization and Deserialization: The lambda is serialized to a file (lambda.ser) and deserialized back to an object.
Execution: The deserialized lambda is executed to verify correctness.
Notes
Serializable lambdas are not common in Java because they are often stateful and may have complex dependencies,
which can lead to serialization challenges.
Use this approach carefully, especially in distributed systems, to avoid unexpected behavior

Serialization of Lambda Expression in Java
Serialization is a process of converting an object into a stream of bytes for storage or transfer across a network.
 In Java, this concept is often used to persist data or send it to another system. However, when it comes to Java’s
 lambda expressions, serialization introduces unique challenges and considerations.

In this article, we’ll explore what it means to serialize lambda expressions in Java, why it's not straightforward,
how to overcome the limitations, and the scenarios where such serialization can be useful. We’ll also discuss best
practices and potential pitfalls to ensure the process is efficient and reliable.

Understanding Lambda Expressions in Java
A lambda expression is a concise way of expressing a single-method interface implementation in Java. Introduced in
 Java 8, lambdas have become a cornerstone of functional programming in Java. A lambda is essentially an anonymous
 function that can be passed around as a first-class citizen.

For example:

java
Copy code
Runnable runnable = () -> System.out.println("Hello, Lambda!");
runnable.run();
In this example, () -> System.out.println("Hello, Lambda!") is a lambda expression implementing the Runnable functional
 interface.

Serialization Basics
Serialization in Java is facilitated by the java.io.Serializable interface. When a class implements this marker interface,
its objects can be serialized and deserialized using classes like ObjectOutputStream and ObjectInputStream.

For example:

java
Copy code
import java.io.*;

class Example implements Serializable {
    private static final long serialVersionUID = 1L;
    String message;

    Example(String message) {
        this.message = message;
    }
}

Example example = new Example("Serializable Example");
This object can be serialized into a file and deserialized back into memory. However, lambdas are not objects in the
 traditional sense, which complicates their serialization.

Why Lambda Expressions Aren’t Serializable by Default
Java lambdas are implemented as instances of dynamically generated classes that implement functional interfaces. These
 dynamically created classes have no explicit definition in your source code, making them hard to serialize.
 The JVM handles lambdas differently than traditional classes.

Key challenges include:

Dynamic Nature: Lambdas don’t have a concrete class definition at compile-time.
Captured Variables: Lambdas often capture local variables, whose serialization may not always be feasible.
Stateless and Stateful: Stateless lambdas are easier to serialize than those that depend on external states.
No Built-In Support: The Java language specification does not treat lambda serialization as a native feature.
How to Serialize a Lambda Expression
Although lambdas are not inherently serializable, they can be made serializable by adhering to the following practices:

Using a Serializable Functional Interface A functional interface can be extended to include the Serializable marker
interface. For example:

java
Copy code
import java.io.Serializable;

@FunctionalInterface
public interface SerializableLambda extends Serializable {
    void execute();
}
Serialization Example Here’s an example demonstrating how to serialize and deserialize a lambda expression:

java
Copy code
import java.io.*;

@FunctionalInterface
interface SerializableLambda extends Serializable {
    void perform();
}

public class LambdaSerializationExample {
    public static void main(String[] args) {
        // Create a serializable lambda
        SerializableLambda lambda = () -> System.out.println("Serializable Lambda!");

        // Serialize the lambda
        try (ObjectOutputStream oos = new ObjectOutputStream(new FileOutputStream("lambda.ser"))) {
            oos.writeObject(lambda);
        } catch (IOException e) {
            e.printStackTrace();
        }

        // Deserialize the lambda
        try (ObjectInputStream ois = new ObjectInputStream(new FileInputStream("lambda.ser"))) {
            SerializableLambda deserializedLambda = (SerializableLambda) ois.readObject();
            deserializedLambda.perform(); // Execute the lambda
        } catch (IOException | ClassNotFoundException e) {
            e.printStackTrace();
        }
    }
}
In this example:

A lambda expression implementing the SerializableLambda interface is serialized.
It is deserialized from a file and executed.
Avoid Capturing External State Lambdas that rely on external variables (captured state) can cause serialization problems.
 To minimize issues, use stateless lambdas wherever possible.

Use Cases for Serializable Lambdas
While the need to serialize lambdas is relatively rare, there are scenarios where it can be advantageous:

Distributed Systems Serializable lambdas can be sent over the network to another JVM, such as in distributed computing
 frameworks like Apache Spark or Apache Flink.

Caching and Persistence When lambdas are used to define business rules or filters, serializing them allows these rules
 to be persisted and reused.

Testing Serializable lambdas can help in creating mock behaviors for test frameworks, where behaviors need to be restored
 or reused across test runs.

Task Schedulers Lambdas representing tasks can be serialized and stored in a job queue or task scheduler for deferred
 execution.

Pitfalls and Challenges
Compatibility Issues Serializable lambdas rely on the JVM’s internal mechanisms, and deserializing them on a different
JVM version or environment can cause errors.

Complex Dependencies Lambdas capturing complex external states or non-serializable objects can lead to
NotSerializableException.

Loss of Type Information During deserialization, lambda type information might not be restored, requiring explicit
casting.

Debugging Difficulties Since lambdas are dynamically generated, debugging serialization issues can be challenging.

Performance Overhead Serialization and deserialization of lambdas incur performance costs, which might not be acceptable
for latency-sensitive applications.

Best Practices
Minimize Captured State Write lambdas that avoid dependencies on non-serializable objects or external variables.

Use Stateless Lambdas Stateless lambdas are easier to serialize and less prone to errors.

Custom Serialization Implement writeObject and readObject methods in classes containing lambdas to control how they
 are serialized.

Versioning Use serialVersionUID in serializable functional interfaces to ensure compatibility across versions.

Testing Regularly test serialization and deserialization in different environments to catch compatibility issues early.

Consider Alternatives If lambda serialization is too complex, consider using traditional classes or methods.

Conclusion
Serialization of lambda expressions in Java is a nuanced topic with significant implications for distributed systems
and data persistence. While Java does not natively support lambda serialization, extending functional interfaces to
include Serializable provides a workable solution. However, developers must be cautious about captured states, version
compatibility, and performance overhead.

In scenarios where serialization is unavoidable, adhering to best practices and keeping lambdas stateless can minimize
issues. Nonetheless, developers should evaluate the need for lambda serialization carefully and consider alternatives
when the complexity outweighs the benefits.

Explanation
Serializable Lambda for Key Generation:
A lambda implementing SerializableFunction is used to generate unique cache keys by serializing method parameters.

Spring's KeyGenerator:
The lambda is wrapped in a KeyGenerator bean and injected into the caching mechanism.

Caching with Serializable Keys:
The keys generated by the serializable lambda ensure compatibility with distributed caching systems.

Notes
Serialization Compatibility: Ensure that all objects involved in key generation (like method parameters) are serializable.
Use in Distributed Systems: This approach is particularly useful when using distributed caches like Redis, where cache
 keys may need to be shared across JVMs.
Custom Cache Key Generation: This example can be adapted for more complex key-generation logic involving serialized states.

Explanation
Serialization:
The Flower object is serialized into a byte array using ObjectOutputStream.

LDAP Attributes:

objectClass: Specifies the type of object (javaSerializedObject).
javaSerializedData: Stores the serialized object data.
javaCodebase: Points to the URL where the Flower class definition is available.
Spring LDAP Binding:
The LdapTemplate.bind() method is used to bind the entry with the specified attributes to the directory.

Testing the Binding
To test:

Ensure the LDAP server (e.g., OpenLDAP or ApacheDS) is running and configured.
Place the Flower.class file at the specified javaCodebase URL (e.g., http://web1/example/classes/Flower.class).
Run the application. The serialized Flower object will be stored in the LDAP directory.
Deserializing with Codebase Attribute
When another application retrieves the serialized object, the javaCodebase attribute can help dynamically load the
Flower class. Ensure the application has logic to read the javaCodebase attribute and download the class if necessary,
leveraging tools like URLClassLoader.

Security Considerations
Trusted Sources Only: Ensure the javaCodebase URL points to a trusted location to avoid malicious class loading.
Access Controls: Protect the LDAP directory and codebase URLs from unauthorized access.
Validation: Validate deserialized objects to prevent deserialization attacks.

Explanation
Serializable Functional Interface:

SerializableFunction<T, R> allows lambda expressions to be serializable.
Serialization Utility:

Encodes and decodes lambdas into/from a byte array.
Captured Lexical Scope:

A lambda capturing the prefix variable is serialized.
Deserialization with $deserializeLambda$:

The $deserializeLambda$ method is a static method in the capturing class (LambdaDeserializer) that validates and
reconstructs the lambda during deserialization.
Spring Integration:

The lambda lifecycle (creation, serialization, deserialization) is managed within Spring services and components.
Testing the Example
Output Example:
Serialization:
plaintext
Copy code
Lambda serialized successfully!
Deserialization and Execution:
plaintext
Copy code
Deserialized Lambda Result: Hello: World
Important Notes
Validation: The $deserializeLambda$ method should validate the properties of the serialized lambda, such as the
capturing class and method implementation, to ensure integrity.

Identity: Lambda deserialization produces a new function object, so reference equality and identity-sensitive
operations should not be assumed.

Security: Serialized lambda handling must consider deserialization security, especially if user input is involved.
Avoid allowing arbitrary code execution through deserialized objects.

Spring Context: The example integrates seamlessly with Spring services and beans, demonstrating how to manage serialized
lambdas in a Spring-based application.

Explanation
The writeReplace Method:

The Person class implements writeReplace to return a PersonReplacement object during serialization.
The age field is transient and thus not serialized. However, the replacement mechanism completely swaps the serialized
 form with a different class (PersonReplacement).
Serialization and Deserialization:

The SerializationUtil serializes the Person object but writes a PersonReplacement object to the stream.
Upon deserialization, the object is of type PersonReplacement.
Spring Integration:

The SerializationService demonstrates the serialization process as a Spring service.
The ApplicationRunner integrates the demonstration into the Spring Boot application lifecycle.
Output
Running the application will produce the following output:

plaintext
Copy code
Before Serialization: Person{name='Alice', age=30}
After Deserialization: PersonReplacement{name='Alice'}
Key Points
writeReplace Purpose: The writeReplace method allows the Person class to define how its serialized form
should appear
 by substituting itself with PersonReplacement.
Transient Fields: Fields marked as transient (like age) are not serialized.
Replacement Validation: The replaced object must be compatible with all references to the original object to
avoid runtime
 errors.
Spring Context: This example demonstrates how writeReplace can fit into a Spring application for controlled
 serialization
scenarios.

Explanation of Stream Elements
Classes and Fields:

Person has two fields: name and age. The ObjectStreamClass includes metadata like the field descriptors,
serializable fields, and SUID.
During serialization, the name and age fields are written to the stream in sequence.
Arrays:

Organization includes an array of Person objects. The array's ObjectStreamClass includes metadata about the
array type and its size.
Each element in the array is serialized individually.
Enums:

Role is serialized by storing its ObjectStreamClass and the constant's name string.
Stream Structure:

Each object is assigned a unique handle starting from 0x7E0000.
Back references ensure that duplicate references to the same object in memory are handled efficiently.
Modified UTF-8:

Strings such as name and orgName are encoded in modified UTF-8 format in the stream.
Output
Running the application produces the following output:

plaintext
Copy code
Serialized and deserialized Person: Person{name='Alice', age=30}
Serialized and deserialized Organization: Organization{orgName='Tech Corp', members=[Person{name='Bob', age=25},
 Person{name='Charlie', age=35}, ]}
Serialized and deserialized Role: ADMIN
Key Takeaways
This example demonstrates how the serialization stream represents different types of objects (classes, arrays,
and enums) in a Spring context.
The stream structure, including class metadata, field descriptors, array size, and enum constants, is captured
 during serialization.
The Spring framework integrates with these Java serialization features, making it straightforward to work with
serialized objects in a Spring-based application.

How readResolve Works
Singleton Enforcement:

Symbol maintains a cache of existing instances.
When deserialized, the readResolve method replaces the deserialized object with an existing instance from the cache.
Ensuring Identity:

The readResolve method is called after the object is fully constructed during deserialization.
It ensures that the deserialized object is not a new instance but a pre-existing one if available.
Expected Output
When you run the application, you will see:

plaintext
Copy code
Original Symbol: Symbol{name='Alpha'}
Deserialized Symbol: Symbol{name='Alpha'}
Are the instances identical? true
Key Points
Singleton Guarantee: The readResolve method ensures that only one instance of a Symbol with a specific name exists
 in memory, even after deserialization.
Object Graphs: The readResolve method replaces the deserialized object with an existing one but does not update
references in the object graph.
Compatibility: The type of the object returned by readResolve must be compatible with the serialized object to
 avoid ClassCastException.
This approach demonstrates how readResolve integrates seamlessly with Spring applications to enforce object
uniqueness during deserialization.















