Class loaders are fundamental to the Java runtime environment, as they load Java classes into memory for execution.
In the context of Spring, class loaders play an essential role in the dynamic behavior of the framework,
including bean creation, resource loading, and configuration management.

Below is an overview of class loaders in Spring, their significance, and practical examples.

Overview of Class Loaders in Spring
Java Class Loading Basics:

Java uses a hierarchical delegation model for class loading, with three primary class loaders:
Bootstrap ClassLoader: Loads core Java classes (java.lang.*, java.util.*).
Extension ClassLoader: Loads classes from the ext directory (java.ext.dirs).
Application ClassLoader: Loads classes from the application's classpath.
Spring and Class Loaders:

Spring relies on the Application ClassLoader to load beans, configurations, and resources.
Custom class loaders can be used in Spring to enable dynamic loading of classes, modules, or resources.
Why Class Loaders Matter in Spring:

Dynamic bean definitions: Classes may be loaded dynamically at runtime.
Modular applications: Enables Spring applications to load different modules independently.
Hot deployment: Useful in environments like Spring Boot or Spring Cloud where changes can be reloaded
without restarting
 the application.
Common Use Cases of Class Loaders in Spring
1. Loading Resources Dynamically
Spring provides the ResourceLoader to load resources (files, URLs, etc.), which relies on the class loader internally.

java
Copy code
import org.springframework.beans.factory.annotation.Autowired;
import org.springframework.core.io.Resource;
import org.springframework.core.io.ResourceLoader;
import org.springframework.stereotype.Service;

@Service
public class ResourceService {

    @Autowired
    private ResourceLoader resourceLoader;

    public void loadResource(String resourcePath) {
        Resource resource = resourceLoader.getResource(resourcePath);
        System.out.println("Resource exists: " + resource.exists());
    }
}
Example: Load a file using the application class loader:
java
Copy code
resourceService.loadResource("classpath:application.properties");
2. Custom Class Loaders for Dynamic Loading
Spring allows the use of custom class loaders for dynamic module or plugin loading.

java
Copy code
import java.net.URL;
import java.net.URLClassLoader;

public class CustomClassLoaderExample {

    public static void main(String[] args) throws Exception {
        // Define the location of the class file
        URL[] urls = { new URL("file:/path/to/classes/") };

        // Create a custom class loader
        ClassLoader customClassLoader = new URLClassLoader(urls);

        // Load a class dynamically
        Class<?> loadedClass = customClassLoader.loadClass("com.example.MyDynamicClass");

        // Instantiate the loaded class
        Object instance = loadedClass.getDeclaredConstructor().newInstance();
        System.out.println("Loaded class: " + loadedClass.getName());
    }
}
3. Overriding the Default Class Loader
You can override Spring's default class loader to customize how classes are loaded. For example,
in a modular application:

java
Copy code
import org.springframework.beans.factory.config.ConfigurableBeanFactory;
import org.springframework.context.annotation.Bean;
import org.springframework.context.annotation.Configuration;

@Configuration
public class CustomClassLoaderConfig {

    @Bean
    public ClassLoader customClassLoader(ConfigurableBeanFactory beanFactory) {
        // Create a custom class loader
        ClassLoader customClassLoader = new URLClassLoader(new URL[] {
            // Specify your classpath URLs
        });
        // Set it as the default class loader for Spring
        beanFactory.setBeanClassLoader(customClassLoader);
        return customClassLoader;
    }
}
4. Spring Boot DevTools and Restart ClassLoader
Spring Boot DevTools introduces a Restart ClassLoader to enable hot reloading of classes during development.
This class loader reloads only application classes while retaining the state of the Spring context and dependencies.

Configuration:

Include spring-boot-devtools in your project.
DevTools automatically uses the RestartClassLoader during development.
How it works:

DevTools isolates the application classes from the dependencies using two class loaders:
One for application classes.
Another for libraries and dependencies.
5. Using ClassPathXmlApplicationContext
The ClassPathXmlApplicationContext uses the application class loader to locate Spring XML configuration files
 and load bean
 definitions.

java
Copy code
import org.springframework.context.support.ClassPathXmlApplicationContext;

public class ClassLoaderExample {

    public static void main(String[] args) {
        // Load Spring context using the application class loader
        ClassPathXmlApplicationContext context = new ClassPathXmlApplicationContext("beans.xml");

        MyBean myBean = context.getBean(MyBean.class);
        System.out.println("Bean loaded: " + myBean);
        context.close();
    }
}
6. Spring’s ClassUtils Utility
Spring provides the ClassUtils utility for class-related operations, such as loading classes, checking for
 class existence,
 etc.

java
Copy code
import org.springframework.util.ClassUtils;

public class SpringClassUtilsExample {

    public static void main(String[] args) {
        // Load a class dynamically using Spring's ClassUtils
        Class<?> clazz = ClassUtils.resolveClassName("com.example.MyClass", ClassUtils.getDefaultClassLoader());
        System.out.println("Loaded class: " + clazz.getName());
    }
}
Potential Pitfalls with Class Loaders
ClassLoader Leaks:

Occurs when custom class loaders retain references to objects, causing memory leaks (especially in long-running
 applications
 like web servers).
Inconsistent Behavior in Multi-ClassLoader Environments:

In enterprise applications, multiple class loaders (e.g., parent and child) can lead to ClassCastException if the same
class is loaded by different class loaders.
Hot Deployment Issues:

Reloading classes dynamically in environments like Spring Boot DevTools can sometimes lead to NoClassDefFoundError.
Best Practices
Leverage Spring Utilities:

Use Spring’s ResourceLoader and ClassUtils for consistent behavior.
Keep Class Loaders Modular:

Avoid mixing application and framework classes within the same custom class loader.
Use DevTools for Development:

Let Spring Boot DevTools handle class reloading to improve development efficiency.
Clean Up Custom Class Loaders:

Ensure custom class loaders are properly closed to avoid memory leaks.
Conclusion
Class loaders play a critical role in Spring applications, enabling dynamic class loading, modularity, and resource
management. By understanding how Spring interacts with Java’s class loading mechanism, developers can write robust,
maintainable, and scalable applications. Proper handling of custom class loaders, resource loading, and hot reloading
can significantly enhance the flexibility of Spring-based systems.

Here’s a more detailed example where a custom class loader is used to dynamically load a class (MyDynamicClass) in the
context of a Spring application.

This demonstrates how you can use a custom class loader in a Spring-based setup to dynamically load and work with
external or dynamically provided classes:

Dynamic Loading of MyDynamicClass in Spring
Define the MyDynamicClass:
This is the class that will be dynamically loaded.
java
Copy code
// Save this file separately as MyDynamicClass.java
package com.example.dynamic;

public class MyDynamicClass {
    public void sayHello() {
        System.out.println("Hello from MyDynamicClass!");
    }
}
Create a Custom Class Loader:
A custom class loader loads the MyDynamicClass dynamically.
java
Copy code
import java.net.URL;
import java.net.URLClassLoader;

public class CustomClassLoader extends URLClassLoader {
    public CustomClassLoader(URL[] urls) {
        super(urls);
    }

    public static void main(String[] args) throws Exception {
        // Path to the directory containing MyDynamicClass.class
        URL[] urls = { new URL("file:/path/to/classes/") };

        // Create a custom class loader
        CustomClassLoader customClassLoader = new CustomClassLoader(urls);

        // Load MyDynamicClass dynamically
        Class<?> clazz = customClassLoader.loadClass("com.example.dynamic.MyDynamicClass");
        Object instance = clazz.getDeclaredConstructor().newInstance();

        // Invoke the method
        clazz.getMethod("sayHello").invoke(instance);
    }
}
Integrate with Spring:
Use the custom class loader within a Spring component or service.
java
Copy code
import org.springframework.stereotype.Service;

import java.net.URL;
import java.net.URLClassLoader;

@Service
public class DynamicClassService {

    public void loadAndRunDynamicClass() throws Exception {
        // Path to the directory containing MyDynamicClass.class
        URL[] urls = { new URL("file:/path/to/classes/") };

        // Create a custom class loader
        ClassLoader customClassLoader = new URLClassLoader(urls);

        // Dynamically load the class
        Class<?> clazz = customClassLoader.loadClass("com.example.dynamic.MyDynamicClass");

        // Instantiate the loaded class
        Object instance = clazz.getDeclaredConstructor().newInstance();

        // Invoke a method
        clazz.getMethod("sayHello").invoke(instance);
    }
}
Spring Application to Invoke the Service:
java
Copy code
import org.springframework.beans.factory.annotation.Autowired;
import org.springframework.boot.CommandLineRunner;
import org.springframework.boot.SpringApplication;
import org.springframework.boot.autoconfigure.SpringBootApplication;

@SpringBootApplication
public class SpringDynamicClassLoaderApp implements CommandLineRunner {

    @Autowired
    private DynamicClassService dynamicClassService;

    public static void main(String[] args) {
        SpringApplication.run(SpringDynamicClassLoaderApp.class, args);
    }

    @Override
    public void run(String... args) throws Exception {
        dynamicClassService.loadAndRunDynamicClass();
    }
}
Directory Structure:
Place the compiled MyDynamicClass.class in /path/to/classes/com/example/dynamic/.
Output:
When you run the Spring application, it dynamically loads the MyDynamicClass and prints:

csharp
Copy code
Hello from MyDynamicClass!
This demonstrates how to leverage Spring and custom class loaders to dynamically load and execute external classes
at
runtime.

Here's how you can dynamically load a Spring Bean class (MyBean) using a custom class loader within a
Spring application:

Dynamic Loading of MyBean.class in Spring
Define the MyBean Class: This is the target class to be dynamically loaded.
java
Copy code
// Save this file separately as MyBean.java
package com.example.dynamic;

import org.springframework.stereotype.Component;

@Component
public class MyBean {
    public void sayHello() {
        System.out.println("Hello from MyBean!");
    }
}
Custom Class Loader: Use a URLClassLoader to load the MyBean.class dynamically.
java
Copy code
import java.net.URL;
import java.net.URLClassLoader;

public class CustomClassLoader extends URLClassLoader {
    public CustomClassLoader(URL[] urls) {
        super(urls);
    }

    public static void main(String[] args) throws Exception {
        // Path to the directory containing MyBean.class
        URL[] urls = { new URL("file:/path/to/classes/") };

        // Create a custom class loader
        CustomClassLoader customClassLoader = new CustomClassLoader(urls);

        // Load MyBean dynamically
        Class<?> clazz = customClassLoader.loadClass("com.example.dynamic.MyBean");
        Object instance = clazz.getDeclaredConstructor().newInstance();

        // Invoke the method
        clazz.getMethod("sayHello").invoke(instance);
    }
}
Dynamic Bean Registration in Spring: Register the dynamically loaded MyBean as a Spring Bean.
java
Copy code
import org.springframework.beans.factory.support.DefaultListableBeanFactory;
import org.springframework.beans.factory.support.GenericBeanDefinition;
import org.springframework.context.ApplicationContext;
import org.springframework.context.annotation.AnnotationConfigApplicationContext;
import org.springframework.stereotype.Service;

import java.net.URL;
import java.net.URLClassLoader;

@Service
public class DynamicBeanLoader {

    private final ApplicationContext context;

    public DynamicBeanLoader(ApplicationContext context) {
        this.context = context;
    }

    public void loadAndRegisterBean() throws Exception {
        // Path to the directory containing MyBean.class
        URL[] urls = { new URL("file:/path/to/classes/") };

        // Create a custom class loader
        ClassLoader customClassLoader = new URLClassLoader(urls);

        // Dynamically load the MyBean class
        Class<?> clazz = customClassLoader.loadClass("com.example.dynamic.MyBean");

        // Register MyBean in the Spring context
        DefaultListableBeanFactory beanFactory = (DefaultListableBeanFactory) ((AnnotationConfigApplicationContext)
        context).getBeanFactory();
        GenericBeanDefinition beanDefinition = new GenericBeanDefinition();
        beanDefinition.setBeanClass(clazz);
        beanFactory.registerBeanDefinition("myDynamicBean", beanDefinition);
    }
}
Spring Application Setup: Use the service to dynamically load and register MyBean.
java
Copy code
import org.springframework.beans.factory.annotation.Autowired;
import org.springframework.boot.CommandLineRunner;
import org.springframework.boot.SpringApplication;
import org.springframework.boot.autoconfigure.SpringBootApplication;

@SpringBootApplication
public class SpringDynamicBeanApp implements CommandLineRunner {

    @Autowired
    private DynamicBeanLoader dynamicBeanLoader;

    @Autowired
    private MyBean myBean;

    public static void main(String[] args) {
        SpringApplication.run(SpringDynamicBeanApp.class, args);
    }

    @Override
    public void run(String... args) throws Exception {
        dynamicBeanLoader.loadAndRegisterBean();

        // Use the dynamically registered bean
        myBean.sayHello();
    }
}
Directory Structure:
Place the compiled MyBean.class in /path/to/classes/com/example/dynamic/.
Output:
When you run the application, it dynamically registers MyBean as a Spring Bean and executes:

csharp
Copy code
Hello from MyBean!
This example demonstrates how to dynamically load a class (MyBean.class), register it as a Spring Bean,
and use it within the Spring application context.

Here’s an example of a beans.xml file for a Spring application. The beans.xml file is typically used in
 XML-based Spring configuration to define beans and their dependencies.

Example beans.xml File
xml
Copy code
<?xml version="1.0" encoding="UTF-8"?>
<beans xmlns="http://www.springframework.org/schema/beans"
       xmlns:xsi="http://www.w3.org/2001/XMLSchema-instance"
       xsi:schemaLocation="http://www.springframework.org/schema/beans
                           http://www.springframework.org/schema/beans/spring-beans.xsd">

    <!-- Define a simple bean -->
    <bean id="myBean" class="com.example.MyBean">
        <!-- Constructor injection -->
        <constructor-arg value="Hello, Spring!" />
    </bean>

    <!-- Define another bean with property injection -->
    <bean id="myService" class="com.example.MyService">
        <property name="myBean" ref="myBean" />
    </bean>

    <!-- Define a bean with lifecycle methods -->
    <bean id="lifecycleBean" class="com.example.LifecycleBean" init-method="init" destroy-method="destroy" />

    <!-- Define a prototype bean -->
    <bean id="prototypeBean" class="com.example.PrototypeBean" scope="prototype" />

</beans>
Explanation of the Elements
Namespace and Schema Declaration:

The xmlns and xsi:schemaLocation ensure the configuration file adheres to the Spring schema for bean definitions.
Simple Bean Definition:

xml
Copy code
<bean id="myBean" class="com.example.MyBean">
    <constructor-arg value="Hello, Spring!" />
</bean>
The id specifies the bean name.
The class specifies the fully qualified class name.
The <constructor-arg> element is used for constructor injection.
Property Injection:

xml
Copy code
<bean id="myService" class="com.example.MyService">
    <property name="myBean" ref="myBean" />
</bean>
The property element allows setter-based injection.
The ref attribute links to another bean.
Lifecycle Methods:

xml
Copy code
<bean id="lifecycleBean" class="com.example.LifecycleBean" init-method="init" destroy-method="destroy" />
The init-method is called after the bean is initialized.
The destroy-method is called when the bean is destroyed (used in singleton scope).
Prototype Bean:

xml
Copy code
<bean id="prototypeBean" class="com.example.PrototypeBean" scope="prototype" />
scope="prototype" indicates a new instance will be created each time the bean is requested.
How to Use beans.xml in a Spring Application
Place the beans.xml file in your classpath under src/main/resources.

Use ClassPathXmlApplicationContext to load the context.

Example:
java
Copy code
import org.springframework.context.ApplicationContext;
import org.springframework.context.support.ClassPathXmlApplicationContext;

public class SpringApp {
    public static void main(String[] args) {
        ApplicationContext context = new ClassPathXmlApplicationContext("beans.xml");

        // Retrieve the bean
        MyService myService = context.getBean("myService", MyService.class);

        // Use the bean
        myService.performTask();
    }
}
Output:
If MyService.performTask() uses MyBean and logs something, you’ll see its output:

arduino
Copy code
Task performed with: Hello, Spring!

Below are the implementations for the com.example.MyService, com.example.LifecycleBean,
and com.example.PrototypeBean classes that match the previously defined beans.xml configuration.

1. com.example.MyService
This class depends on MyBean (injected via setter) and performs a simple task.

java
Copy code
package com.example;

public class MyService {
    private MyBean myBean;

    // Setter for dependency injection
    public void setMyBean(MyBean myBean) {
        this.myBean = myBean;
    }

    // A simple method to demonstrate functionality
    public void performTask() {
        System.out.println("Task performed with: " + myBean.getMessage());
    }
}
2. com.example.MyBean
This is the dependency of MyService. It's a simple class with a single property.

java
Copy code
package com.example;

public class MyBean {
    private String message;

    // Constructor
    public MyBean(String message) {
        this.message = message;
    }

    // Getter
    public String getMessage() {
        return message;
    }

    // Setter (optional)
    public void setMessage(String message) {
        this.message = message;
    }
}
3. com.example.LifecycleBean
This bean demonstrates Spring lifecycle callbacks, such as init and destroy methods.

java
Copy code
package com.example;

public class LifecycleBean {

    public void init() {
        System.out.println("LifecycleBean: Initialization logic executed.");
    }

    public void destroy() {
        System.out.println("LifecycleBean: Cleanup logic executed.");
    }
}
4. com.example.PrototypeBean
This bean demonstrates the prototype scope. It has a simple method to verify that each request creates
a new instance.

java
Copy code
package com.example;

public class PrototypeBean {

    public PrototypeBean() {
        System.out.println("PrototypeBean: New instance created!");
    }

    public void execute() {
        System.out.println("PrototypeBean: Method executed.");
    }
}
Usage Example in SpringApp
Here’s how you can use these beans in a simple Spring application.

java
Copy code
import org.springframework.context.ApplicationContext;
import org.springframework.context.support.ClassPathXmlApplicationContext;

public class SpringApp {
    public static void main(String[] args) {
        ApplicationContext context = new ClassPathXmlApplicationContext("beans.xml");

        // Using MyService
        MyService myService = context.getBean("myService", MyService.class);
        myService.performTask();

        // Using LifecycleBean
        LifecycleBean lifecycleBean = context.getBean("lifecycleBean", LifecycleBean.class);
        // Lifecycle callbacks will execute automatically

        // Using PrototypeBean
        PrototypeBean prototypeBean1 = context.getBean("prototypeBean", PrototypeBean.class);
        prototypeBean1.execute();

        PrototypeBean prototypeBean2 = context.getBean("prototypeBean", PrototypeBean.class);
        prototypeBean2.execute();

        // Closing the context to invoke destroy-method for singleton beans
        ((ClassPathXmlApplicationContext) context).close();
    }
}
Expected Output:
vbnet
Copy code
LifecycleBean: Initialization logic executed.
Task performed with: Hello, Spring!
PrototypeBean: New instance created!
PrototypeBean: Method executed.
PrototypeBean: New instance created!
PrototypeBean: Method executed.
LifecycleBean: Cleanup logic executed.
This setup demonstrates Spring's dependency injection, lifecycle callbacks, and bean scopes.

Below is the Spring context configuration and an example setup to use the CustomClassLoader class you provided:

1. Spring Configuration
The CustomClassLoader can be configured and utilized as a Spring-managed bean. Here's an XML-based configuration:

beans.xml

xml
Copy code
<?xml version="1.0" encoding="UTF-8"?>
<beans xmlns="http://www.springframework.org/schema/beans"
       xmlns:xsi="http://www.w3.org/2001/XMLSchema-instance"
       xsi:schemaLocation="http://www.springframework.org/schema/beans
                           http://www.springframework.org/schema/beans/spring-beans.xsd">

    <!-- Define CustomClassLoader bean -->
    <bean id="customClassLoader" class="com.baeldung.classloader.CustomClassLoader" />

</beans>
2. CustomClassLoader Implementation
The provided CustomClassLoader implementation remains unchanged:

CustomClassLoader.java

java
Copy code
package com.baeldung.classloader;

import java.io.ByteArrayOutputStream;
import java.io.File;
import java.io.IOException;
import java.io.InputStream;

public class CustomClassLoader extends ClassLoader {

    @Override
    public Class<?> findClass(String name) throws ClassNotFoundException {
        byte[] b = loadClassFromFile(name);
        return defineClass(name, b, 0, b.length);
    }

    private byte[] loadClassFromFile(String fileName) {
        InputStream inputStream = getClass().getClassLoader()
                .getResourceAsStream(fileName.replace('.', File.separatorChar) + ".class");
        ByteArrayOutputStream byteStream = new ByteArrayOutputStream();
        int nextValue;
        try {
            while ((nextValue = inputStream.read()) != -1) {
                byteStream.write(nextValue);
            }
        } catch (IOException e) {
            e.printStackTrace();
        }
        return byteStream.toByteArray();
    }
}
3. Using CustomClassLoader in a Spring Application
Here's an example Spring-based application that uses the CustomClassLoader to dynamically load a class at runtime:

SpringApp.java

java
Copy code
import org.springframework.context.ApplicationContext;
import org.springframework.context.support.ClassPathXmlApplicationContext;
import com.baeldung.classloader.CustomClassLoader;

public class SpringApp {
    public static void main(String[] args) {
        ApplicationContext context = new ClassPathXmlApplicationContext("beans.xml");

        // Retrieve the CustomClassLoader bean
        CustomClassLoader customClassLoader = context.getBean("customClassLoader", CustomClassLoader.class);

        try {
            // Dynamically load a class (for example: com.example.MyClass)
            Class<?> loadedClass = customClassLoader.findClass("com.example.MyClass");

            // Print information about the dynamically loaded class
            System.out.println("Class Loaded: " + loadedClass.getName());
            System.out.println("Class Loader: " + loadedClass.getClassLoader());

            // Instantiate the dynamically loaded class
            Object instance = loadedClass.getDeclaredConstructor().newInstance();
            System.out.println("Instance created: " + instance);

        } catch (Exception e) {
            e.printStackTrace();
        }

        ((ClassPathXmlApplicationContext) context).close();
    }
}
4. Example Class to Load (com.example.MyClass)
Here’s a simple class to test dynamic loading:

com.example.MyClass

java
Copy code
package com.example;

public class MyClass {
    @Override
    public String toString() {
        return "This is a dynamically loaded class!";
    }
}
Compile the MyClass file and ensure it’s accessible in the classpath for the custom class loader to locate it.

5. Expected Output
When the SpringApp runs, the output will look something like this if com.example.MyClass is successfully loaded:

vbnet
Copy code
Class Loaded: com.example.MyClass
Class Loader: com.baeldung.classloader.CustomClassLoader@some_hashcode
Instance created: This is a dynamically loaded class!
This example demonstrates how to integrate a custom class loader into a Spring-based application, dynamically load a
class, and use it at runtime. Ensure the dynamically loaded class (MyClass) is placed in the appropriate directory
structure for the CustomClassLoader to find it.

Below is a Spring-based implementation showcasing how custom class loaders can be utilized for the
described use cases:

1. Spring Context XML Configuration
We define a bean for the custom class loader and inject dependencies as required.

beans.xml

xml
Copy code
<?xml version="1.0" encoding="UTF-8"?>
<beans xmlns="http://www.springframework.org/schema/beans"
       xmlns:xsi="http://www.w3.org/2001/XMLSchema-instance"
       xsi:schemaLocation="http://www.springframework.org/schema/beans
                           http://www.springframework.org/schema/beans/spring-beans.xsd">

    <!-- Define CustomClassLoader bean -->
    <bean id="customClassLoader" class="com.example.classloader.CustomClassLoader" />

    <!-- Example class using the CustomClassLoader -->
    <bean id="classLoaderService" class="com.example.classloader.ClassLoaderService">
        <property name="customClassLoader" ref="customClassLoader" />
    </bean>
</beans>
2. Custom Class Loader for Dynamic Bytecode Modification
This CustomClassLoader modifies bytecode dynamically (for example, for weaving purposes).

CustomClassLoader.java

java
Copy code
package com.example.classloader;

import java.io.ByteArrayOutputStream;
import java.io.File;
import java.io.IOException;
import java.io.InputStream;

public class CustomClassLoader extends ClassLoader {

    @Override
    public Class<?> findClass(String name) throws ClassNotFoundException {
        byte[] bytecode = loadClassFromFile(name);
        bytecode = modifyBytecode(bytecode); // Modify bytecode for weaving (if needed)
        return defineClass(name, bytecode, 0, bytecode.length);
    }

    private byte[] loadClassFromFile(String fileName) {
        InputStream inputStream = getClass().getClassLoader()
                .getResourceAsStream(fileName.replace('.', File.separatorChar) + ".class");
        ByteArrayOutputStream byteStream = new ByteArrayOutputStream();
        int nextValue;
        try {
            while ((nextValue = inputStream.read()) != -1) {
                byteStream.write(nextValue);
            }
        } catch (IOException e) {
            e.printStackTrace();
        }
        return byteStream.toByteArray();
    }

    private byte[] modifyBytecode(byte[] bytecode) {
        // Placeholder for bytecode modification logic (e.g., weaving agents)
        // You can integrate libraries like ASM or Javassist here
        return bytecode;
    }
}
3. Class Loader Service for Dynamic Class Switching
A service bean is created to handle class loading logic, including switching between JDBC drivers or
implementing version control.

ClassLoaderService.java

java
Copy code
package com.example.classloader;

public class ClassLoaderService {
    private CustomClassLoader customClassLoader;

    public void setCustomClassLoader(CustomClassLoader customClassLoader) {
        this.customClassLoader = customClassLoader;
    }

    public void loadDynamicClass(String className) {
        try {
            // Dynamically load a class
            Class<?> loadedClass = customClassLoader.findClass(className);
            System.out.println("Class Loaded: " + loadedClass.getName());

            // Instantiate and invoke methods dynamically (for example, JDBC drivers)
            Object instance = loadedClass.getDeclaredConstructor().newInstance();
            System.out.println("Instance created: " + instance);

        } catch (Exception e) {
            e.printStackTrace();
        }
    }
}
4. Using URL Class Loader for Versioning
For class versioning or loading JARs dynamically, we can implement a URLClassLoader-based loader:

VersionedClassLoader.java

java
Copy code
package com.example.classloader;

import java.net.URL;
import java.net.URLClassLoader;

public class VersionedClassLoader extends URLClassLoader {

    public VersionedClassLoader(URL[] urls, ClassLoader parent) {
        super(urls, parent);
    }

    public void loadClassVersion(String className, String version) {
        try {
            // Modify URL to point to versioned JARs or class locations
            URL jarUrl = new URL("file:/path/to/jars/" + version + "/" + className + ".jar");
            addURL(jarUrl);

            // Load class from the specified JAR
            Class<?> loadedClass = loadClass(className);
            System.out.println("Versioned Class Loaded: " + loadedClass.getName());

        } catch (Exception e) {
            e.printStackTrace();
        }
    }
}
5. Spring Application for Dynamic Loading
SpringApp.java

java
Copy code
import org.springframework.context.ApplicationContext;
import org.springframework.context.support.ClassPathXmlApplicationContext;
import com.example.classloader.ClassLoaderService;

public class SpringApp {
    public static void main(String[] args) {
        ApplicationContext context = new ClassPathXmlApplicationContext("beans.xml");

        // Use the ClassLoaderService bean
        ClassLoaderService classLoaderService = context.getBean("classLoaderService", ClassLoaderService.class);

        // Dynamically load a class
        classLoaderService.loadDynamicClass("com.example.MyClass");

        ((ClassPathXmlApplicationContext) context).close();
    }
}
6. Example Usage
Dynamic Bytecode Weaving
Modify the bytecode using libraries like ASM or Javassist in modifyBytecode.
Example: Adding logging or metrics to methods at runtime.
Dynamic Driver Switching
Dynamically load JDBC driver implementations based on configuration or runtime requirements using
ClassLoaderService.
Class Versioning
Use VersionedClassLoader to load specific versions of classes or libraries from different JARs or directories.
7. Expected Output
Running the application will:

Load a class dynamically via CustomClassLoader.
Optionally modify its bytecode before defining it.
Instantiate and execute the class.
For example:

vbnet
Copy code
Class Loaded: com.example.MyClass
Instance created: This is a dynamically loaded class!
For versioned class loading:

vbnet
Copy code
Versioned Class Loaded: com.example.MyClass
This demonstrates how custom class loaders can serve advanced use cases in a Spring context.

To implement the described functionality in a Spring context, we can create a custom ClassLoader to load
 "applets" (or equivalent classes) from remote sources (like HTTP) and manage the lifecycle of these classes
 within a Spring-managed application. Below is an implementation:

Spring Context Implementation
1. Custom Class Loader for Remote Resources
We will create a CustomClassLoader that fetches raw bytecode from a remote server (via HTTP) and converts it
into classes.

java
Copy code
package com.example.browser;

import java.io.InputStream;
import java.net.HttpURLConnection;
import java.net.URL;
import java.util.Base64;

public class CustomClassLoader extends ClassLoader {

    private final String remoteServerBaseUrl;

    public CustomClassLoader(String remoteServerBaseUrl) {
        this.remoteServerBaseUrl = remoteServerBaseUrl;
    }

    @Override
    protected Class<?> findClass(String name) throws ClassNotFoundException {
        try {
            // Construct the URL to fetch the bytecode
            String classFileName = name.replace('.', '/') + ".class";
            URL url = new URL(remoteServerBaseUrl + classFileName);

            // Fetch the bytecode via HTTP
            HttpURLConnection connection = (HttpURLConnection) url.openConnection();
            connection.setRequestMethod("GET");
            connection.connect();

            if (connection.getResponseCode() != 200) {
                throw new ClassNotFoundException("Class not found at remote server: " + name);
            }

            try (InputStream inputStream = connection.getInputStream()) {
                byte[] byteCode = inputStream.readAllBytes();

                // Define the class using the parent ClassLoader method
                return defineClass(name, byteCode, 0, byteCode.length);
            }
        } catch (Exception e) {
            throw new ClassNotFoundException("Failed to load class: " + name, e);
        }
    }
}
2. Spring Service to Manage Class Loading
We will create a Spring @Service to instantiate and manage classes loaded by CustomClassLoader.

java
Copy code
package com.example.browser;

import org.springframework.stereotype.Service;

import java.util.concurrent.ConcurrentHashMap;

@Service
public class AppletManager {

    private final ConcurrentHashMap<String, Object> loadedApplets = new ConcurrentHashMap<>();
    private final String remoteServerBaseUrl = "http://example.com/classes/";

    public Object loadApplet(String appletName) {
        try {
            // Create a new instance of the CustomClassLoader for each applet
            CustomClassLoader classLoader = new CustomClassLoader(remoteServerBaseUrl);

            // Load the class by name
            Class<?> appletClass = classLoader.loadClass(appletName);

            // Create an instance of the applet
            Object appletInstance = appletClass.getDeclaredConstructor().newInstance();

            // Cache the instance for future use
            loadedApplets.put(appletName, appletInstance);
            return appletInstance;
        } catch (Exception e) {
            throw new RuntimeException("Failed to load applet: " + appletName, e);
        }
    }

    public Object getApplet(String appletName) {
        return loadedApplets.get(appletName);
    }
}
3. Spring Controller to Expose the Applet Loading
We will expose an endpoint to dynamically load and use applets via HTTP.

java
Copy code
package com.example.browser;

import org.springframework.beans.factory.annotation.Autowired;
import org.springframework.web.bind.annotation.*;

@RestController
@RequestMapping("/applet")
public class AppletController {

    @Autowired
    private AppletManager appletManager;

    @PostMapping("/load")
    public String loadApplet(@RequestParam String appletName) {
        Object applet = appletManager.loadApplet(appletName);
        return "Applet " + appletName + " loaded successfully. Instance: " + applet;
    }

    @GetMapping("/get")
    public Object getApplet(@RequestParam String appletName) {
        Object applet = appletManager.getApplet(appletName);
        if (applet == null) {
            return "Applet " + appletName + " is not loaded.";
        }
        return applet.toString();
    }
}
4. Example of Bytecode Serving via HTTP
To test this functionality, you can serve compiled .class files from an HTTP server (e.g., using Spring Boot,
Apache, or any static file server). The CustomClassLoader will fetch these .class files dynamically.

5. Behavior with Multiple Class Loaders
Each invocation of loadApplet creates a new CustomClassLoader. Even if applets share the same class name,
 they are treated as different classes due to being loaded by different class loaders. For example:

java
Copy code
Object applet1 = appletManager.loadApplet("com.example.MyApplet");
Object applet2 = appletManager.loadApplet("com.example.MyApplet");

// These will have separate identities even if the same class name is used
System.out.println(applet1.getClass() == applet2.getClass()); // false
Summary
This implementation mirrors the browser applet behavior, where:

Class Loaders fetch bytecode over HTTP.
Applets loaded by different class loaders are treated as distinct components.
Spring manages the lifecycle of applets through services and controllers, ensuring maintainability and scalability.

In the Spring framework, thread context class loaders are used to provide more flexibility in class loading,
 particularly in cases where the default delegation model is insufficient. This is useful in scenarios
 such as JNDI, where core functionality requires the dynamic loading of classes or resources that are not
 available to the parent class loader.

Below is an example of how you can implement and use a ContextClassLoader in a Spring-based application.

1. Spring Configuration: Beans with Context ClassLoader
You can use Thread.setContextClassLoader() to set a context class loader that can load
classes and resources from specific locations. You can inject the context class loader into
Spring beans to demonstrate class loading in different contexts.

beans.xml (Spring configuration)

xml
Copy code
<?xml version="1.0" encoding="UTF-8"?>
<beans xmlns="http://www.springframework.org/schema/beans"
       xmlns:xsi="http://www.w3.org/2001/XMLSchema-instance"
       xsi:schemaLocation="http://www.springframework.org/schema/beans
                           http://www.springframework.org/schema/beans/spring-beans.xsd">

    <!-- Define the ContextClassLoaderAware service that will interact with the context class loader -->
    <bean id="contextClassLoaderService" class="com.example.classloader.ContextClassLoaderService">
        <property name="contextClassLoader" ref="contextClassLoader"/>
    </bean>

    <!-- Define a simple class to act as the ContextClassLoader, which is injected dynamically -->
    <bean id="contextClassLoader" class="com.example.classloader.MyCustomClassLoader"/>
</beans>
2. Custom Context ClassLoader
MyCustomClassLoader.java
This is a simple custom class loader, which we will use as an example to demonstrate how
the context class loader can load classes dynamically.

java
Copy code
package com.example.classloader;

public class MyCustomClassLoader extends ClassLoader {

    @Override
    public Class<?> findClass(String name) throws ClassNotFoundException {
        // Try to load the class manually here (e.g., from a JAR, file, etc.)
        byte[] classData = loadClassData(name);
        return defineClass(name, classData, 0, classData.length);
    }

    private byte[] loadClassData(String name) {
        // For simplicity, we'll just return an empty byte array
        // In practice, you would load the class bytecode from a custom source
        return new byte[0];
    }
}
3. ContextClassLoader Service
The ContextClassLoaderService bean demonstrates how to use the context class loader to load
classes within a specific thread's context.

ContextClassLoaderService.java
This service uses the current thread's context class loader to load a class dynamically.
It illustrates how the context class loader can be set and retrieved.

java
Copy code
package com.example.classloader;

public class ContextClassLoaderService {

    private MyCustomClassLoader contextClassLoader;

    // Set the context class loader (injecting the custom class loader bean)
    public void setContextClassLoader(MyCustomClassLoader contextClassLoader) {
        this.contextClassLoader = contextClassLoader;
    }

    public void loadClassInCurrentThreadContext(String className) {
        // Save the current context class loader
        ClassLoader originalClassLoader = Thread.currentThread().getContextClassLoader();

        // Set the context class loader to our custom loader
        Thread.currentThread().setContextClassLoader(this.contextClassLoader);

        try {
            // Load the class dynamically using the context class loader
            Class<?> loadedClass = Class.forName(className);
            System.out.println("Class loaded: " + loadedClass.getName());
        } catch (ClassNotFoundException e) {
            e.printStackTrace();
        } finally {
            // Restore the original context class loader
            Thread.currentThread().setContextClassLoader(originalClassLoader);
        }
    }
}
4. Using the Service in a Spring Application
In your main application class, you can demonstrate the usage of the context class loader
by using ContextClassLoaderService to dynamically load a class.

SpringApp.java

java
Copy code
package com.example;

import org.springframework.context.ApplicationContext;
import org.springframework.context.support.ClassPathXmlApplicationContext;
import com.example.classloader.ContextClassLoaderService;

public class SpringApp {

    public static void main(String[] args) {
        // Load the Spring context from the configuration file
        ApplicationContext context = new ClassPathXmlApplicationContext("beans.xml");

        // Get the context class loader service bean
        ContextClassLoaderService classLoaderService =
        context.getBean("contextClassLoaderService", ContextClassLoaderService.class);

        // Example of loading a class in the current thread's context
        classLoaderService.loadClassInCurrentThreadContext("com.example.MyClass");

        // Close the context when done
        ((ClassPathXmlApplicationContext) context).close();
    }
}
5. Explanation of Key Parts
Custom Class Loader (MyCustomClassLoader): This class extends ClassLoader and provides a method findClass() to
 dynamically load classes. For the example, it's simplified to return an empty byte array. In practice,
 you can modify this to load classes from JAR files, custom file locations, etc.

ContextClassLoaderService: This service manages loading classes within the context of the current thread.
It sets the thread's context class loader to the custom class loader and uses Class.forName() to dynamically
 load the specified class. After loading the class, it restores the original context class loader.

Thread Context Class Loader: The key here is Thread.currentThread().setContextClassLoader()
and Thread.currentThread().getContextClassLoader(). This allows setting a custom class loader for a particular
thread, ensuring that the thread will use this loader for any dynamic class loading operations.

Spring Integration: Spring provides the flexibility to inject and manage beans (like the custom class loader)
through the application context, making it easier to decouple the logic from the actual class loading behavior.

6. Expected Output
Assuming the class "com.example.MyClass" exists, running the Spring application will dynamically load the class
 via the ContextClassLoaderService:

vbnet
Copy code
Class loaded: com.example.MyClass
In case the class doesn't exist, it will throw a ClassNotFoundException.

7. Use Cases for Context ClassLoader in Spring
JNDI: For loading JNDI providers dynamically in a container, using a custom class loader or context class loader
 is often required when the core platform cannot load classes provided by the application.

Class Versioning: This approach allows loading different versions of the same class in different threads, which
is useful for supporting legacy versions of classes alongside newer versions.

Dynamic Class Loading: In cases where your application needs to load classes dynamically, based on runtime
decisions (e.g., loading JDBC drivers, modules, or plugins), context class loaders provide the flexibility to do so.

This demonstrates how to leverage the thread context class loader mechanism in Spring to overcome issues
in the standard class loading delegation model, allowing dynamic class loading in specific contexts like JNDI,
 class versioning, or plugin architectures.

